2024-07-18T22:12:33.628Z [info]: Creating transport...
2024-07-18T22:12:33.653Z [info]: Transport created successfully
2024-07-18T22:12:33.658Z [info]: Rendering email template...
2024-07-18T22:12:33.699Z [info]: Email template rendered successfully
2024-07-18T22:12:33.730Z [info]: Sending email to:
2024-07-18T22:12:37.347Z [info]: Email sent successfully:
2024-07-18T22:52:46.560Z [error]: Error sending booking confirmation email:
2024-07-18T22:54:24.157Z [error]: Error sending booking confirmation email:
2024-07-18T22:55:09.446Z [error]: Error sending booking confirmation email:
2024-07-18T22:55:38.664Z [info]: Creating transport...
2024-07-18T22:55:38.685Z [info]: Transport created successfully
2024-07-18T22:55:38.686Z [info]: Rendering email template...
2024-07-18T22:55:38.690Z [info]: Email template rendered successfully
2024-07-18T22:55:38.693Z [info]: Sending email to:
2024-07-18T22:55:42.020Z [info]: Email sent successfully:
2024-07-18T23:01:10.243Z [info]: Creating transport...
2024-07-18T23:01:10.246Z [info]: Transport created successfully
2024-07-18T23:01:10.246Z [info]: Rendering email template...
2024-07-18T23:01:10.251Z [info]: Email template rendered successfully
2024-07-18T23:01:10.252Z [info]: Sending email to:
2024-07-18T23:01:13.692Z [info]: Email sent successfully:
2024-07-18T23:06:09.038Z [info]: Creating transport...
2024-07-18T23:06:09.044Z [info]: Transport created successfully
2024-07-18T23:06:09.051Z [info]: Rendering email template...
2024-07-18T23:06:09.070Z [info]: Email template rendered successfully
2024-07-18T23:06:09.074Z [info]: Sending email to:
2024-07-18T23:06:12.586Z [info]: Email sent successfully:
2024-07-18T23:07:59.566Z [info]: Creating transport...
2024-07-18T23:07:59.569Z [info]: Transport created successfully
2024-07-18T23:07:59.569Z [info]: Rendering email template...
2024-07-18T23:07:59.571Z [info]: Email template rendered successfully
2024-07-18T23:07:59.571Z [info]: Sending email to:
2024-07-18T23:08:02.743Z [info]: Email sent successfully:
2024-07-18T23:12:19.007Z [info]: Creating transport...
2024-07-18T23:12:19.011Z [info]: Transport created successfully
2024-07-18T23:12:19.011Z [info]: Rendering email template...
2024-07-18T23:12:19.013Z [info]: Email template rendered successfully
2024-07-18T23:12:19.013Z [info]: Sending email to:
2024-07-18T23:12:21.809Z [info]: Email sent successfully:
2024-07-18T23:23:04.279Z [info]: Creating transport...
2024-07-18T23:23:04.305Z [info]: Transport created successfully
2024-07-18T23:23:04.307Z [info]: Rendering email template...
2024-07-18T23:23:04.312Z [info]: Email template rendered successfully
2024-07-18T23:23:04.312Z [info]: Sending email to:
2024-07-18T23:23:08.086Z [info]: Email sent successfully:
2024-07-18T23:26:21.872Z [info]: Creating transport...
2024-07-18T23:26:21.921Z [info]: Transport created successfully
2024-07-18T23:26:21.946Z [info]: Rendering email template...
2024-07-18T23:26:22.059Z [info]: Email template rendered successfully
2024-07-18T23:26:22.164Z [info]: Sending email to:
2024-07-18T23:26:25.926Z [info]: Email sent successfully:
2024-07-18T23:47:18.490Z [info]: Creating transport...
2024-07-18T23:47:18.502Z [info]: Transport created successfully
2024-07-18T23:47:18.503Z [info]: Rendering email template...
2024-07-18T23:47:18.524Z [info]: Email template rendered successfully
2024-07-18T23:47:18.530Z [info]: Sending email to:
2024-07-18T23:47:22.540Z [info]: Email sent successfully:
2024-07-18T23:48:03.630Z [info]: Creating transport...
2024-07-18T23:48:03.638Z [info]: Transport created successfully
2024-07-18T23:48:03.641Z [info]: Rendering email template...
2024-07-18T23:48:03.645Z [info]: Email template rendered successfully
2024-07-18T23:48:03.647Z [info]: Sending email to:
2024-07-18T23:48:07.280Z [info]: Email sent successfully:
2024-07-18T23:49:18.437Z [info]: Creating transport...
2024-07-18T23:49:18.448Z [info]: Transport created successfully
2024-07-18T23:49:18.449Z [info]: Rendering email template...
2024-07-18T23:49:18.465Z [info]: Email template rendered successfully
2024-07-18T23:49:18.466Z [info]: Sending email to:
2024-07-18T23:49:22.107Z [info]: Email sent successfully:
2024-07-18T23:52:13.724Z [info]: Creating transport...
2024-07-18T23:52:13.744Z [info]: Transport created successfully
2024-07-18T23:52:13.745Z [info]: Rendering email template...
2024-07-18T23:52:13.749Z [info]: Email template rendered successfully
2024-07-18T23:52:13.755Z [info]: Sending email to:
2024-07-18T23:52:17.391Z [info]: Email sent successfully:
2024-07-18T23:56:55.821Z [info]: Creating transport...
2024-07-18T23:56:55.985Z [info]: Transport created successfully
2024-07-18T23:56:56.103Z [info]: Rendering email template...
2024-07-18T23:56:56.234Z [info]: Email template rendered successfully
2024-07-18T23:56:56.368Z [info]: Sending email to:
2024-07-18T23:57:00.561Z [info]: Email sent successfully:
2024-07-19T00:05:25.154Z [info]: Creating transport...
2024-07-19T00:05:25.192Z [info]: Transport created successfully
2024-07-19T00:05:25.197Z [info]: Rendering email template...
2024-07-19T00:05:25.202Z [info]: Email template rendered successfully
2024-07-19T00:05:25.204Z [info]: Sending email to:
2024-07-19T00:05:29.520Z [info]: Email sent successfully:
2024-07-19T00:06:41.848Z [info]: Creating transport...
2024-07-19T00:06:41.867Z [info]: Transport created successfully
2024-07-19T00:06:41.870Z [info]: Rendering email template...
2024-07-19T00:06:41.874Z [info]: Email template rendered successfully
2024-07-19T00:06:41.877Z [info]: Sending email to:
2024-07-19T00:06:45.868Z [info]: Email sent successfully:
2024-07-19T00:09:01.336Z [info]: Creating transport...
2024-07-19T00:09:01.375Z [info]: Transport created successfully
2024-07-19T00:09:01.379Z [info]: Rendering email template...
2024-07-19T00:09:01.384Z [info]: Email template rendered successfully
2024-07-19T00:09:01.390Z [info]: Sending email to:
2024-07-19T00:09:05.006Z [info]: Email sent successfully:
2024-07-19T00:34:40.328Z [info]: Creating transport...
2024-07-19T00:34:40.342Z [info]: Transport created successfully
2024-07-19T00:34:40.343Z [info]: Rendering email template...
2024-07-19T00:34:40.352Z [info]: Email template rendered successfully
2024-07-19T00:34:40.356Z [info]: Sending email to:
2024-07-19T00:34:43.545Z [info]: Email sent successfully:
2024-07-19T00:35:35.555Z [info]: Creating transport...
2024-07-19T00:35:35.556Z [info]: Transport created successfully
2024-07-19T00:35:35.557Z [info]: Rendering email template...
2024-07-19T00:35:35.559Z [info]: Email template rendered successfully
2024-07-19T00:35:35.560Z [info]: Sending email to:
2024-07-19T00:35:38.104Z [info]: Email sent successfully:
2024-07-19T01:59:30.555Z [info]: Creating transport...
2024-07-19T01:59:30.566Z [info]: Transport created successfully
2024-07-19T01:59:30.567Z [info]: Rendering email template...
2024-07-19T01:59:30.574Z [info]: Email template rendered successfully
2024-07-19T01:59:30.576Z [info]: Sending email to:
2024-07-19T01:59:33.903Z [info]: Email sent successfully:
2024-07-19T02:06:09.642Z [info]: Creating transport...
2024-07-19T02:06:09.654Z [info]: Transport created successfully
2024-07-19T02:06:09.655Z [info]: Rendering email template...
2024-07-19T02:06:09.658Z [info]: Email template rendered successfully
2024-07-19T02:06:09.659Z [info]: Sending email to:
2024-07-19T02:06:12.544Z [info]: Email sent successfully:
2024-07-19T02:13:04.702Z [info]: Creating transport...
2024-07-19T02:13:04.716Z [info]: Transport created successfully
2024-07-19T02:13:04.717Z [info]: Rendering email template...
2024-07-19T02:13:04.720Z [info]: Email template rendered successfully
2024-07-19T02:13:04.721Z [info]: Sending email to:
2024-07-19T02:13:07.613Z [info]: Email sent successfully:
2024-07-19T02:20:01.104Z [info]: Creating transport...
2024-07-19T02:20:01.119Z [info]: Transport created successfully
2024-07-19T02:20:01.119Z [info]: Rendering email template...
2024-07-19T02:20:01.122Z [info]: Email template rendered successfully
2024-07-19T02:20:01.123Z [info]: Sending email to:
2024-07-19T02:20:04.005Z [info]: Email sent successfully:
2024-07-19T02:24:22.890Z [info]: Creating transport...
2024-07-19T02:24:22.904Z [info]: Transport created successfully
2024-07-19T02:24:22.905Z [info]: Rendering email template...
2024-07-19T02:24:22.908Z [info]: Email template rendered successfully
2024-07-19T02:24:22.909Z [info]: Sending email to:
2024-07-19T02:24:25.501Z [info]: Email sent successfully:
2024-07-19T04:54:41.184Z [info]: Creating transport...
2024-07-19T04:54:41.213Z [info]: Transport created successfully
2024-07-19T04:54:41.216Z [info]: Rendering email template...
2024-07-19T04:54:41.222Z [info]: Email template rendered successfully
2024-07-19T04:54:41.225Z [info]: Sending email to:
2024-07-19T04:54:44.197Z [info]: Email sent successfully:
2024-07-19T04:57:28.691Z [info]: Creating transport...
2024-07-19T04:57:28.692Z [info]: Transport created successfully
2024-07-19T04:57:28.694Z [info]: Rendering email template...
2024-07-19T04:57:28.696Z [info]: Email template rendered successfully
2024-07-19T04:57:28.696Z [info]: Sending email to:
2024-07-19T04:57:31.155Z [info]: Email sent successfully:
2024-07-19T07:04:04.376Z [info]: Server running on http://localhost:5000
2024-07-19T07:15:30.545Z [info]: Server running on http://localhost:5000/api/events
2024-07-19T07:16:07.377Z [info]: Server running on http://localhost:5000
2024-07-19T07:43:09.268Z [info]: Server running on http://localhost:5000
2024-07-19T07:51:35.308Z [info]: Server running on http://localhost:5000
2024-07-19T08:17:53.099Z [info]: Server running on http://localhost:5000
2024-07-19T08:23:29.070Z [info]: Server running on http://localhost:5000
2024-07-19T08:23:39.423Z [info]: A user with the email vp.victorpreston@gmail.com already exists.
2024-07-19T08:24:04.282Z [info]: Server running on http://localhost:5000
2024-07-19T08:58:34.976Z [info]: Server running on http://localhost:5000
2024-07-19T09:06:18.475Z [info]: Server running on http://localhost:5000
2024-07-19T09:09:19.184Z [info]: Server running on http://localhost:5000
2024-07-19T09:22:56.359Z [info]: Creating transport...
2024-07-19T09:22:56.373Z [info]: Transport created successfully
2024-07-19T09:22:56.374Z [info]: Rendering email template...
2024-07-19T09:22:56.378Z [info]: Email template rendered successfully
2024-07-19T09:22:56.379Z [info]: Sending email to:
2024-07-19T09:22:59.897Z [info]: Email sent successfully:
2024-07-19T09:24:49.992Z [info]: Server running on http://localhost:5000
2024-07-19T09:25:00.418Z [info]: Creating transport...
2024-07-19T09:25:00.440Z [info]: Transport created successfully
2024-07-19T09:25:00.441Z [info]: Rendering email template...
2024-07-19T09:25:00.468Z [info]: Email template rendered successfully
2024-07-19T09:25:00.561Z [info]: Sending email to:
2024-07-19T09:25:04.185Z [info]: Email sent successfully:
2024-07-19T09:37:06.759Z [info]: Server running on http://localhost:5000
2024-07-19T09:37:57.746Z [info]: Server running on http://localhost:5000
2024-07-19T09:53:35.971Z [info]: Server running on http://localhost:5000
2024-07-19T09:58:26.436Z [info]: Server running on http://localhost:5000
2024-07-19T09:59:10.111Z [info]: Server running on http://localhost:5000
2024-07-19T10:00:01.225Z [info]: Server running on http://localhost:5000
2024-07-19T10:07:47.113Z [info]: Creating transport...
2024-07-19T10:07:47.127Z [info]: Transport created successfully
2024-07-19T10:07:47.128Z [info]: Rendering email template...
2024-07-19T10:07:47.131Z [info]: Email template rendered successfully
2024-07-19T10:07:47.132Z [info]: Sending email to:
2024-07-19T10:07:50.049Z [info]: Email sent successfully:
2024-07-19T10:16:32.363Z [info]: Creating transport...
2024-07-19T10:16:32.365Z [info]: Transport created successfully
2024-07-19T10:16:32.365Z [info]: Rendering email template...
2024-07-19T10:16:32.367Z [info]: Email template rendered successfully
2024-07-19T10:16:32.367Z [info]: Sending email to:
2024-07-19T10:16:36.543Z [info]: Email sent successfully:
2024-07-19T13:05:43.059Z [info]: Server running on http://localhost:5000
2024-07-19T13:32:56.650Z [info]: Server running on http://localhost:5000
2024-07-19T13:35:03.458Z [info]: Creating transport...
2024-07-19T13:35:03.476Z [info]: Transport created successfully
2024-07-19T13:35:03.476Z [info]: Rendering email template...
2024-07-19T13:35:03.479Z [info]: Email template rendered successfully
2024-07-19T13:35:03.480Z [info]: Sending email to:
2024-07-19T13:35:11.306Z [info]: Email sent successfully:
