2024-07-18T18:42:16.501Z [info]: Creating transport...
2024-07-18T18:42:16.513Z [info]: Transport created successfully
2024-07-18T18:42:16.513Z [info]: Rendering email template...
2024-07-18T18:42:16.516Z [info]: Email template rendered successfully
2024-07-18T18:42:16.516Z [info]: Sending email to:
2024-07-18T18:42:19.414Z [info]: Email sent successfully:
2024-07-18T18:51:15.198Z [info]: Creating transport...
2024-07-18T18:51:15.198Z [info]: Transport created successfully
2024-07-18T18:51:15.199Z [info]: Rendering email template...
2024-07-18T18:51:15.201Z [info]: Email template rendered successfully
2024-07-18T18:51:15.201Z [info]: Sending email to:
2024-07-18T18:51:18.116Z [info]: Email sent successfully:
2024-07-18T19:47:14.156Z [info]: Creating transport...
2024-07-18T19:47:14.169Z [info]: Transport created successfully
2024-07-18T19:47:14.171Z [info]: Rendering email template...
2024-07-18T19:47:14.175Z [info]: Email template rendered successfully
2024-07-18T19:47:14.176Z [info]: Sending email to:
2024-07-18T19:47:17.245Z [info]: Email sent successfully:
2024-07-18T19:48:19.864Z [info]: Creating transport...
2024-07-18T19:48:19.865Z [info]: Transport created successfully
2024-07-18T19:48:19.866Z [info]: Rendering email template...
2024-07-18T19:48:19.867Z [info]: Email template rendered successfully
2024-07-18T19:48:19.868Z [info]: Sending email to:
2024-07-18T19:48:22.501Z [info]: Email sent successfully:
